2020-08-18 19:18:44.690  INFO 18852 --- [restartedMain] com.nortal.cake_club.CakeClubApp         : Starting CakeClubApp on DESKTOP-2A2E549 with PID 18852 (C:\Users\Varmo\Documents\GitHub\Koogiklubi\build\classes\java\main started by Varmo in C:\Users\Varmo\Documents\GitHub\Koogiklubi)
2020-08-18 19:18:44.696 DEBUG 18852 --- [restartedMain] com.nortal.cake_club.CakeClubApp         : Running with Spring Boot v2.0.5.RELEASE, Spring v5.0.9.RELEASE
2020-08-18 19:18:44.698  INFO 18852 --- [restartedMain] com.nortal.cake_club.CakeClubApp         : The following profiles are active: dev,swagger
2020-08-18 19:18:48.122 DEBUG 18852 --- [restartedMain] c.n.cake_club.config.AsyncConfiguration  : Creating Async Task Executor
2020-08-18 19:18:48.676 DEBUG 18852 --- [restartedMain] c.n.c.config.MetricsConfiguration        : Registering JVM gauges
2020-08-18 19:18:48.731 DEBUG 18852 --- [restartedMain] c.n.c.config.MetricsConfiguration        : Monitoring the datasource
2020-08-18 19:18:48.733 DEBUG 18852 --- [restartedMain] c.n.c.config.MetricsConfiguration        : Initializing Metrics JMX reporting
2020-08-18 19:18:49.988 DEBUG 18852 --- [restartedMain] c.n.c.config.LiquibaseConfiguration      : Configuring Liquibase
2020-08-18 19:18:50.265  WARN 18852 --- [cake-club-Executor-1] i.g.j.c.liquibase.AsyncSpringLiquibase   : Starting Liquibase asynchronously, your database might not be ready at startup!
2020-08-18 19:18:51.629 DEBUG 18852 --- [cake-club-Executor-1] i.g.j.c.liquibase.AsyncSpringLiquibase   : Liquibase has updated your database in 1362 ms
2020-08-18 19:18:53.248 DEBUG 18852 --- [restartedMain] c.nortal.cake_club.config.WebConfigurer  : Registering CORS filter
2020-08-18 19:18:53.349  INFO 18852 --- [restartedMain] c.nortal.cake_club.config.WebConfigurer  : Web application configuration, using profiles: dev
2020-08-18 19:18:53.349 DEBUG 18852 --- [restartedMain] c.nortal.cake_club.config.WebConfigurer  : Initializing Metrics registries
2020-08-18 19:18:53.359 DEBUG 18852 --- [restartedMain] c.nortal.cake_club.config.WebConfigurer  : Registering Metrics Filter
2020-08-18 19:18:53.359 DEBUG 18852 --- [restartedMain] c.nortal.cake_club.config.WebConfigurer  : Registering Metrics Servlet
2020-08-18 19:18:53.363 DEBUG 18852 --- [restartedMain] c.nortal.cake_club.config.WebConfigurer  : Initialize H2 console
2020-08-18 19:18:53.365  INFO 18852 --- [restartedMain] c.nortal.cake_club.config.WebConfigurer  : Web application fully configured
2020-08-18 19:18:53.600 DEBUG 18852 --- [restartedMain] c.n.c.security.jwt.TokenProvider         : Using a Base64-encoded JWT secret key
2020-08-18 19:18:55.801 DEBUG 18852 --- [restartedMain] c.n.c.config.DatabaseConfiguration       : Starting H2 database
2020-08-18 19:18:56.504 DEBUG 18852 --- [restartedMain] i.g.j.c.apidoc.SwaggerAutoConfiguration  : Starting Swagger
2020-08-18 19:18:56.519 DEBUG 18852 --- [restartedMain] i.g.j.c.apidoc.SwaggerAutoConfiguration  : Started Swagger in 15 ms
2020-08-18 19:18:57.684  INFO 18852 --- [restartedMain] com.nortal.cake_club.CakeClubApp         : Started CakeClubApp in 14.117 seconds (JVM running for 14.683)
2020-08-18 19:18:57.701  INFO 18852 --- [restartedMain] com.nortal.cake_club.CakeClubApp         : 
----------------------------------------------------------
	Application 'cakeClub' is running! Access URLs:
	Local: 		http://localhost:8080/
	External: 	http://192.168.0.165:8080/
	Profile(s): 	[dev, swagger]
----------------------------------------------------------
2020-08-18 19:23:10.852 DEBUG 18852 --- [XNIO-2 task-2] c.n.cake_club.aop.logging.LoggingAspect  : Enter: com.nortal.cake_club.repository.CustomAuditEventRepository.add() with argument[s] = [AuditEvent [timestamp=2020-08-18T17:23:10.825Z, principal=anonymousUser, type=AUTHORIZATION_FAILURE, data={details=org.springframework.security.web.authentication.WebAuthenticationDetails@957e: RemoteIpAddress: 127.0.0.1; SessionId: null, type=org.springframework.security.access.AccessDeniedException, message=Access is denied}]]
2020-08-18 19:23:10.858 DEBUG 18852 --- [XNIO-2 task-2] c.n.cake_club.aop.logging.LoggingAspect  : Exit: com.nortal.cake_club.repository.CustomAuditEventRepository.add() with result = null
2020-08-18 19:23:10.861 DEBUG 18852 --- [XNIO-2 task-3] c.n.cake_club.aop.logging.LoggingAspect  : Enter: com.nortal.cake_club.web.rest.EventResource.getAllEvents() with argument[s] = [false]
2020-08-18 19:23:10.879 DEBUG 18852 --- [XNIO-2 task-3] c.n.cake_club.aop.logging.LoggingAspect  : Enter: com.nortal.cake_club.service.EventService.getAllEvents() with argument[s] = [null, false]
2020-08-18 19:23:10.882  WARN 18852 --- [XNIO-2 task-2] o.z.problem.spring.common.AdviceTrait    : Unauthorized: Full authentication is required to access this resource
2020-08-18 19:23:11.012 DEBUG 18852 --- [XNIO-2 task-3] c.n.cake_club.aop.logging.LoggingAspect  : Exit: com.nortal.cake_club.service.EventService.getAllEvents() with result = [com.nortal.cake_club.service.dto.EventDTO@9c48147, com.nortal.cake_club.service.dto.EventDTO@6ec4f45e, com.nortal.cake_club.service.dto.EventDTO@9647818, com.nortal.cake_club.service.dto.EventDTO@274b6781, com.nortal.cake_club.service.dto.EventDTO@aa80496, com.nortal.cake_club.service.dto.EventDTO@43077799, com.nortal.cake_club.service.dto.EventDTO@69096359, com.nortal.cake_club.service.dto.EventDTO@15826696, com.nortal.cake_club.service.dto.EventDTO@5fc45c04, com.nortal.cake_club.service.dto.EventDTO@270743da, com.nortal.cake_club.service.dto.EventDTO@5b6efc8, com.nortal.cake_club.service.dto.EventDTO@3068f3e, com.nortal.cake_club.service.dto.EventDTO@7edfd726]
2020-08-18 19:23:11.013 DEBUG 18852 --- [XNIO-2 task-3] c.n.cake_club.aop.logging.LoggingAspect  : Exit: com.nortal.cake_club.web.rest.EventResource.getAllEvents() with result = <200 OK,[com.nortal.cake_club.service.dto.EventDTO@9c48147, com.nortal.cake_club.service.dto.EventDTO@6ec4f45e, com.nortal.cake_club.service.dto.EventDTO@9647818, com.nortal.cake_club.service.dto.EventDTO@274b6781, com.nortal.cake_club.service.dto.EventDTO@aa80496, com.nortal.cake_club.service.dto.EventDTO@43077799, com.nortal.cake_club.service.dto.EventDTO@69096359, com.nortal.cake_club.service.dto.EventDTO@15826696, com.nortal.cake_club.service.dto.EventDTO@5fc45c04, com.nortal.cake_club.service.dto.EventDTO@270743da, com.nortal.cake_club.service.dto.EventDTO@5b6efc8, com.nortal.cake_club.service.dto.EventDTO@3068f3e, com.nortal.cake_club.service.dto.EventDTO@7edfd726],{}>
2020-08-18 19:23:11.020  WARN 18852 --- [XNIO-2 task-2] .m.m.a.ExceptionHandlerExceptionResolver : Resolved exception caused by handler execution: org.springframework.security.authentication.InsufficientAuthenticationException: Full authentication is required to access this resource
